app/build/intermediates/manifest_merge_blame_file/debug/manifest-merger-blame-debug-report.txt
1<?xml version="1.0" encoding="utf-8"?>
2<manifest xmlns:android="http://schemas.android.com/apk/res/android"
3    package="com.dicoding.gymtoolkit"
4    android:versionCode="1"
5    android:versionName="1.0" >
6
7    <uses-sdk
8        android:minSdkVersion="24"
9        android:targetSdkVersion="34" />
10
11    <uses-permission android:name="android.permission.CAMERA" />
11-->src\main\AndroidManifest.xml:5:5-65
11-->src\main\AndroidManifest.xml:5:22-62
12
13    <uses-feature
13-->src\main\AndroidManifest.xml:6:5-8:36
14        android:name="android.hardware.camera"
14-->src\main\AndroidManifest.xml:7:9-47
15        android:required="false" />
15-->src\main\AndroidManifest.xml:8:9-33
16
17    <queries>
17-->src\main\AndroidManifest.xml:47:5-56:15
18        <intent>
18-->src\main\AndroidManifest.xml:48:9-52:18
19            <action android:name="android.intent.action.VIEW" />
19-->src\main\AndroidManifest.xml:49:13-65
19-->src\main\AndroidManifest.xml:49:21-62
20
21            <category android:name="android.intent.category.BROWSABLE" />
21-->src\main\AndroidManifest.xml:50:13-74
21-->src\main\AndroidManifest.xml:50:23-71
22
23            <data android:scheme="https" />
23-->src\main\AndroidManifest.xml:51:13-44
23-->src\main\AndroidManifest.xml:51:19-41
24        </intent>
25        <intent>
25-->src\main\AndroidManifest.xml:53:9-55:18
26            <action android:name="android.intent.action.SEND" />
26-->src\main\AndroidManifest.xml:54:13-64
26-->src\main\AndroidManifest.xml:54:21-62
27        </intent>
28
29        <package android:name="com.google.android.gms.policy_cast_dynamite" />
29-->[com.google.android.gms:play-services-cast-framework:21.2.0] AndroidManifest.xml:13:9-79
29-->[com.google.android.gms:play-services-cast-framework:21.2.0] AndroidManifest.xml:13:18-76
30    </queries>
31
32    <uses-permission android:name="android.permission.INTERNET" />
32-->[com.pierfrancescosoffritti.androidyoutubeplayer:core:12.0.0] AndroidManifest.xml:7:5-67
32-->[com.pierfrancescosoffritti.androidyoutubeplayer:core:12.0.0] AndroidManifest.xml:7:22-64
33    <uses-permission android:name="android.permission.ACCESS_NETWORK_STATE" /> <!-- This permission is required to start foreground services in Android P. -->
33-->[com.pierfrancescosoffritti.androidyoutubeplayer:core:12.0.0] AndroidManifest.xml:8:5-79
33-->[com.pierfrancescosoffritti.androidyoutubeplayer:core:12.0.0] AndroidManifest.xml:8:22-76
34    <uses-permission android:name="android.permission.FOREGROUND_SERVICE" />
34-->[com.google.android.gms:play-services-cast-framework:21.2.0] AndroidManifest.xml:10:5-77
34-->[com.google.android.gms:play-services-cast-framework:21.2.0] AndroidManifest.xml:10:22-74
35
36    <permission
36-->[androidx.core:core:1.10.0] AndroidManifest.xml:22:5-24:47
37        android:name="com.dicoding.gymtoolkit.DYNAMIC_RECEIVER_NOT_EXPORTED_PERMISSION"
37-->[androidx.core:core:1.10.0] AndroidManifest.xml:23:9-81
38        android:protectionLevel="signature" />
38-->[androidx.core:core:1.10.0] AndroidManifest.xml:24:9-44
39
40    <uses-permission android:name="com.dicoding.gymtoolkit.DYNAMIC_RECEIVER_NOT_EXPORTED_PERMISSION" />
40-->[androidx.core:core:1.10.0] AndroidManifest.xml:26:5-97
40-->[androidx.core:core:1.10.0] AndroidManifest.xml:26:22-94
41
42    <application
42-->src\main\AndroidManifest.xml:10:5-45:19
43        android:name="com.dicoding.gymtoolkit.GymApplication"
43-->src\main\AndroidManifest.xml:11:9-39
44        android:allowBackup="true"
44-->src\main\AndroidManifest.xml:12:9-35
45        android:appComponentFactory="androidx.core.app.CoreComponentFactory"
45-->[androidx.core:core:1.10.0] AndroidManifest.xml:28:18-86
46        android:dataExtractionRules="@xml/data_extraction_rules"
46-->src\main\AndroidManifest.xml:13:9-65
47        android:debuggable="true"
48        android:extractNativeLibs="false"
49        android:fullBackupContent="@xml/backup_rules"
49-->src\main\AndroidManifest.xml:14:9-54
50        android:icon="@mipmap/ic_launcher"
50-->src\main\AndroidManifest.xml:15:9-43
51        android:label="@string/app_name"
51-->src\main\AndroidManifest.xml:16:9-41
52        android:roundIcon="@mipmap/ic_launcher_round"
52-->src\main\AndroidManifest.xml:17:9-54
53        android:supportsRtl="true"
53-->src\main\AndroidManifest.xml:18:9-35
54        android:testOnly="true"
55        android:theme="@style/App.Starting.Theme" >
55-->src\main\AndroidManifest.xml:19:9-50
56        <activity
56-->src\main\AndroidManifest.xml:23:9-32:20
57            android:name="com.dicoding.gymtoolkit.MainActivity"
57-->src\main\AndroidManifest.xml:24:13-41
58            android:exported="true"
58-->src\main\AndroidManifest.xml:25:13-36
59            android:label="@string/app_name"
59-->src\main\AndroidManifest.xml:26:13-45
60            android:theme="@style/App.Starting.Theme" >
60-->src\main\AndroidManifest.xml:27:13-54
61            <intent-filter>
61-->src\main\AndroidManifest.xml:28:13-31:29
62                <action android:name="android.intent.action.MAIN" />
62-->src\main\AndroidManifest.xml:29:17-69
62-->src\main\AndroidManifest.xml:29:25-66
63
64                <category android:name="android.intent.category.LAUNCHER" />
64-->src\main\AndroidManifest.xml:30:17-77
64-->src\main\AndroidManifest.xml:30:27-74
65            </intent-filter>
66        </activity>
67
68        <provider
69            android:name="androidx.core.content.FileProvider"
69-->src\main\AndroidManifest.xml:36:13-62
70            android:authorities="com.dicoding.gymtoolkit.fileprovider"
70-->src\main\AndroidManifest.xml:35:13-64
71            android:exported="false"
71-->src\main\AndroidManifest.xml:37:13-37
72            android:grantUriPermissions="true" >
72-->src\main\AndroidManifest.xml:38:13-47
73            <meta-data
73-->src\main\AndroidManifest.xml:40:13-42:57
74                android:name="android.support.FILE_PROVIDER_PATHS"
74-->src\main\AndroidManifest.xml:41:17-67
75                android:resource="@xml/path_provider" />
75-->src\main\AndroidManifest.xml:42:17-54
76        </provider>
77
78        <service
78-->[androidx.room:room-runtime:2.5.2] AndroidManifest.xml:24:9-28:63
79            android:name="androidx.room.MultiInstanceInvalidationService"
79-->[androidx.room:room-runtime:2.5.2] AndroidManifest.xml:25:13-74
80            android:directBootAware="true"
80-->[androidx.room:room-runtime:2.5.2] AndroidManifest.xml:26:13-43
81            android:exported="false" />
81-->[androidx.room:room-runtime:2.5.2] AndroidManifest.xml:27:13-37
82
83        <activity
83-->[com.google.firebase:firebase-auth:21.0.6] AndroidManifest.xml:27:9-44:20
84            android:name="com.google.firebase.auth.internal.GenericIdpActivity"
84-->[com.google.firebase:firebase-auth:21.0.6] AndroidManifest.xml:28:13-80
85            android:excludeFromRecents="true"
85-->[com.google.firebase:firebase-auth:21.0.6] AndroidManifest.xml:29:13-46
86            android:exported="true"
86-->[com.google.firebase:firebase-auth:21.0.6] AndroidManifest.xml:30:13-36
87            android:launchMode="singleTask"
87-->[com.google.firebase:firebase-auth:21.0.6] AndroidManifest.xml:31:13-44
88            android:theme="@android:style/Theme.Translucent.NoTitleBar" >
88-->[com.google.firebase:firebase-auth:21.0.6] AndroidManifest.xml:32:13-72
89            <intent-filter>
89-->[com.google.firebase:firebase-auth:21.0.6] AndroidManifest.xml:33:13-43:29
90                <action android:name="android.intent.action.VIEW" />
90-->src\main\AndroidManifest.xml:49:13-65
90-->src\main\AndroidManifest.xml:49:21-62
91
92                <category android:name="android.intent.category.DEFAULT" />
92-->[com.google.firebase:firebase-auth:21.0.6] AndroidManifest.xml:36:17-76
92-->[com.google.firebase:firebase-auth:21.0.6] AndroidManifest.xml:36:27-73
93                <category android:name="android.intent.category.BROWSABLE" />
93-->src\main\AndroidManifest.xml:50:13-74
93-->src\main\AndroidManifest.xml:50:23-71
94
95                <data
95-->src\main\AndroidManifest.xml:51:13-44
96                    android:host="firebase.auth"
97                    android:path="/"
98                    android:scheme="genericidp" />
98-->src\main\AndroidManifest.xml:51:19-41
99            </intent-filter>
100        </activity>
101        <activity
101-->[com.google.firebase:firebase-auth:21.0.6] AndroidManifest.xml:45:9-62:20
102            android:name="com.google.firebase.auth.internal.RecaptchaActivity"
102-->[com.google.firebase:firebase-auth:21.0.6] AndroidManifest.xml:46:13-79
103            android:excludeFromRecents="true"
103-->[com.google.firebase:firebase-auth:21.0.6] AndroidManifest.xml:47:13-46
104            android:exported="true"
104-->[com.google.firebase:firebase-auth:21.0.6] AndroidManifest.xml:48:13-36
105            android:launchMode="singleTask"
105-->[com.google.firebase:firebase-auth:21.0.6] AndroidManifest.xml:49:13-44
106            android:theme="@android:style/Theme.Translucent.NoTitleBar" >
106-->[com.google.firebase:firebase-auth:21.0.6] AndroidManifest.xml:50:13-72
107            <intent-filter>
107-->[com.google.firebase:firebase-auth:21.0.6] AndroidManifest.xml:51:13-61:29
108                <action android:name="android.intent.action.VIEW" />
108-->src\main\AndroidManifest.xml:49:13-65
108-->src\main\AndroidManifest.xml:49:21-62
109
110                <category android:name="android.intent.category.DEFAULT" />
110-->[com.google.firebase:firebase-auth:21.0.6] AndroidManifest.xml:36:17-76
110-->[com.google.firebase:firebase-auth:21.0.6] AndroidManifest.xml:36:27-73
111                <category android:name="android.intent.category.BROWSABLE" />
111-->src\main\AndroidManifest.xml:50:13-74
111-->src\main\AndroidManifest.xml:50:23-71
112
113                <data
113-->src\main\AndroidManifest.xml:51:13-44
114                    android:host="firebase.auth"
115                    android:path="/"
116                    android:scheme="recaptcha" />
116-->src\main\AndroidManifest.xml:51:19-41
117            </intent-filter>
118        </activity>
119
120        <service
120-->[com.google.firebase:firebase-auth:21.0.6] AndroidManifest.xml:64:9-70:19
121            android:name="com.google.firebase.components.ComponentDiscoveryService"
121-->[com.google.firebase:firebase-auth:21.0.6] AndroidManifest.xml:65:13-84
122            android:directBootAware="true"
122-->[com.google.firebase:firebase-common:20.1.0] AndroidManifest.xml:35:13-43
123            android:exported="false" >
123-->[com.google.firebase:firebase-auth:21.0.6] AndroidManifest.xml:66:13-37
124            <meta-data
124-->[com.google.firebase:firebase-auth:21.0.6] AndroidManifest.xml:67:13-69:85
125                android:name="com.google.firebase.components:com.google.firebase.auth.FirebaseAuthRegistrar"
125-->[com.google.firebase:firebase-auth:21.0.6] AndroidManifest.xml:68:17-109
126                android:value="com.google.firebase.components.ComponentRegistrar" />
126-->[com.google.firebase:firebase-auth:21.0.6] AndroidManifest.xml:69:17-82
127        </service>
128
129        <provider
129-->[com.google.firebase:firebase-common:20.1.0] AndroidManifest.xml:26:9-31:39
130            android:name="com.google.firebase.provider.FirebaseInitProvider"
130-->[com.google.firebase:firebase-common:20.1.0] AndroidManifest.xml:27:13-77
131            android:authorities="com.dicoding.gymtoolkit.firebaseinitprovider"
131-->[com.google.firebase:firebase-common:20.1.0] AndroidManifest.xml:28:13-72
132            android:directBootAware="true"
132-->[com.google.firebase:firebase-common:20.1.0] AndroidManifest.xml:29:13-43
133            android:exported="false"
133-->[com.google.firebase:firebase-common:20.1.0] AndroidManifest.xml:30:13-37
134            android:initOrder="100" />
134-->[com.google.firebase:firebase-common:20.1.0] AndroidManifest.xml:31:13-36
135
136        <receiver
136-->[com.google.android.gms:play-services-cast-framework:21.2.0] AndroidManifest.xml:17:9-19:40
137            android:name="com.google.android.gms.cast.framework.media.MediaIntentReceiver"
137-->[com.google.android.gms:play-services-cast-framework:21.2.0] AndroidManifest.xml:18:13-91
138            android:exported="false" />
138-->[com.google.android.gms:play-services-cast-framework:21.2.0] AndroidManifest.xml:19:13-37
139
140        <service
140-->[com.google.android.gms:play-services-cast-framework:21.2.0] AndroidManifest.xml:21:9-24:61
141            android:name="com.google.android.gms.cast.framework.media.MediaNotificationService"
141-->[com.google.android.gms:play-services-cast-framework:21.2.0] AndroidManifest.xml:22:13-96
142            android:exported="false"
142-->[com.google.android.gms:play-services-cast-framework:21.2.0] AndroidManifest.xml:23:13-37
143            android:foregroundServiceType="mediaPlayback" />
143-->[com.google.android.gms:play-services-cast-framework:21.2.0] AndroidManifest.xml:24:13-58
144        <service
144-->[com.google.android.gms:play-services-cast-framework:21.2.0] AndroidManifest.xml:25:9-27:40
145            android:name="com.google.android.gms.cast.framework.ReconnectionService"
145-->[com.google.android.gms:play-services-cast-framework:21.2.0] AndroidManifest.xml:26:13-85
146            android:exported="false" />
146-->[com.google.android.gms:play-services-cast-framework:21.2.0] AndroidManifest.xml:27:13-37
147
148        <activity
148-->[com.google.android.gms:play-services-base:18.0.1] AndroidManifest.xml:20:9-22:45
149            android:name="com.google.android.gms.common.api.GoogleApiActivity"
149-->[com.google.android.gms:play-services-base:18.0.1] AndroidManifest.xml:20:19-85
150            android:exported="false"
150-->[com.google.android.gms:play-services-base:18.0.1] AndroidManifest.xml:22:19-43
151            android:theme="@android:style/Theme.Translucent.NoTitleBar" />
151-->[com.google.android.gms:play-services-base:18.0.1] AndroidManifest.xml:21:19-78
152        <activity
152-->[androidx.compose.ui:ui-test-manifest:1.5.4] AndroidManifest.xml:23:9-25:39
153            android:name="androidx.activity.ComponentActivity"
153-->[androidx.compose.ui:ui-test-manifest:1.5.4] AndroidManifest.xml:24:13-63
154            android:exported="true" />
154-->[androidx.compose.ui:ui-test-manifest:1.5.4] AndroidManifest.xml:25:13-36
155        <activity
155-->[androidx.compose.ui:ui-tooling-android:1.5.4] AndroidManifest.xml:23:9-25:39
156            android:name="androidx.compose.ui.tooling.PreviewActivity"
156-->[androidx.compose.ui:ui-tooling-android:1.5.4] AndroidManifest.xml:24:13-71
157            android:exported="true" />
157-->[androidx.compose.ui:ui-tooling-android:1.5.4] AndroidManifest.xml:25:13-36
158
159        <provider
159-->[androidx.emoji2:emoji2:1.4.0] AndroidManifest.xml:24:9-32:20
160            android:name="androidx.startup.InitializationProvider"
160-->[androidx.emoji2:emoji2:1.4.0] AndroidManifest.xml:25:13-67
161            android:authorities="com.dicoding.gymtoolkit.androidx-startup"
161-->[androidx.emoji2:emoji2:1.4.0] AndroidManifest.xml:26:13-68
162            android:exported="false" >
162-->[androidx.emoji2:emoji2:1.4.0] AndroidManifest.xml:27:13-37
163            <meta-data
163-->[androidx.emoji2:emoji2:1.4.0] AndroidManifest.xml:29:13-31:52
164                android:name="androidx.emoji2.text.EmojiCompatInitializer"
164-->[androidx.emoji2:emoji2:1.4.0] AndroidManifest.xml:30:17-75
165                android:value="androidx.startup" />
165-->[androidx.emoji2:emoji2:1.4.0] AndroidManifest.xml:31:17-49
166            <meta-data
166-->[androidx.lifecycle:lifecycle-process:2.6.2] AndroidManifest.xml:29:13-31:52
167                android:name="androidx.lifecycle.ProcessLifecycleInitializer"
167-->[androidx.lifecycle:lifecycle-process:2.6.2] AndroidManifest.xml:30:17-78
168                android:value="androidx.startup" />
168-->[androidx.lifecycle:lifecycle-process:2.6.2] AndroidManifest.xml:31:17-49
169            <meta-data
169-->[androidx.profileinstaller:profileinstaller:1.3.1] AndroidManifest.xml:29:13-31:52
170                android:name="androidx.profileinstaller.ProfileInstallerInitializer"
170-->[androidx.profileinstaller:profileinstaller:1.3.1] AndroidManifest.xml:30:17-85
171                android:value="androidx.startup" />
171-->[androidx.profileinstaller:profileinstaller:1.3.1] AndroidManifest.xml:31:17-49
172        </provider>
173
174        <meta-data
174-->[com.google.android.gms:play-services-basement:18.0.0] AndroidManifest.xml:21:9-23:69
175            android:name="com.google.android.gms.version"
175-->[com.google.android.gms:play-services-basement:18.0.0] AndroidManifest.xml:22:13-58
176            android:value="@integer/google_play_services_version" />
176-->[com.google.android.gms:play-services-basement:18.0.0] AndroidManifest.xml:23:13-66
177
178        <uses-library
178-->[androidx.window:window:1.0.0] AndroidManifest.xml:25:9-27:40
179            android:name="androidx.window.extensions"
179-->[androidx.window:window:1.0.0] AndroidManifest.xml:26:13-54
180            android:required="false" />
180-->[androidx.window:window:1.0.0] AndroidManifest.xml:27:13-37
181        <uses-library
181-->[androidx.window:window:1.0.0] AndroidManifest.xml:28:9-30:40
182            android:name="androidx.window.sidecar"
182-->[androidx.window:window:1.0.0] AndroidManifest.xml:29:13-51
183            android:required="false" />
183-->[androidx.window:window:1.0.0] AndroidManifest.xml:30:13-37
184
185        <receiver
185-->[androidx.profileinstaller:profileinstaller:1.3.1] AndroidManifest.xml:34:9-52:20
186            android:name="androidx.profileinstaller.ProfileInstallReceiver"
186-->[androidx.profileinstaller:profileinstaller:1.3.1] AndroidManifest.xml:35:13-76
187            android:directBootAware="false"
187-->[androidx.profileinstaller:profileinstaller:1.3.1] AndroidManifest.xml:36:13-44
188            android:enabled="true"
188-->[androidx.profileinstaller:profileinstaller:1.3.1] AndroidManifest.xml:37:13-35
189            android:exported="true"
189-->[androidx.profileinstaller:profileinstaller:1.3.1] AndroidManifest.xml:38:13-36
190            android:permission="android.permission.DUMP" >
190-->[androidx.profileinstaller:profileinstaller:1.3.1] AndroidManifest.xml:39:13-57
191            <intent-filter>
191-->[androidx.profileinstaller:profileinstaller:1.3.1] AndroidManifest.xml:40:13-42:29
192                <action android:name="androidx.profileinstaller.action.INSTALL_PROFILE" />
192-->[androidx.profileinstaller:profileinstaller:1.3.1] AndroidManifest.xml:41:17-91
192-->[androidx.profileinstaller:profileinstaller:1.3.1] AndroidManifest.xml:41:25-88
193            </intent-filter>
194            <intent-filter>
194-->[androidx.profileinstaller:profileinstaller:1.3.1] AndroidManifest.xml:43:13-45:29
195                <action android:name="androidx.profileinstaller.action.SKIP_FILE" />
195-->[androidx.profileinstaller:profileinstaller:1.3.1] AndroidManifest.xml:44:17-85
195-->[androidx.profileinstaller:profileinstaller:1.3.1] AndroidManifest.xml:44:25-82
196            </intent-filter>
197            <intent-filter>
197-->[androidx.profileinstaller:profileinstaller:1.3.1] AndroidManifest.xml:46:13-48:29
198                <action android:name="androidx.profileinstaller.action.SAVE_PROFILE" />
198-->[androidx.profileinstaller:profileinstaller:1.3.1] AndroidManifest.xml:47:17-88
198-->[androidx.profileinstaller:profileinstaller:1.3.1] AndroidManifest.xml:47:25-85
199            </intent-filter>
200            <intent-filter>
200-->[androidx.profileinstaller:profileinstaller:1.3.1] AndroidManifest.xml:49:13-51:29
201                <action android:name="androidx.profileinstaller.action.BENCHMARK_OPERATION" />
201-->[androidx.profileinstaller:profileinstaller:1.3.1] AndroidManifest.xml:50:17-95
201-->[androidx.profileinstaller:profileinstaller:1.3.1] AndroidManifest.xml:50:25-92
202            </intent-filter>
203        </receiver>
204
205        <service
205-->[com.google.android.datatransport:transport-backend-cct:3.1.3] AndroidManifest.xml:29:9-35:19
206            android:name="com.google.android.datatransport.runtime.backends.TransportBackendDiscovery"
206-->[com.google.android.datatransport:transport-backend-cct:3.1.3] AndroidManifest.xml:30:13-103
207            android:exported="false" >
207-->[com.google.android.datatransport:transport-backend-cct:3.1.3] AndroidManifest.xml:31:13-37
208            <meta-data
208-->[com.google.android.datatransport:transport-backend-cct:3.1.3] AndroidManifest.xml:32:13-34:39
209                android:name="backend:com.google.android.datatransport.cct.CctBackendFactory"
209-->[com.google.android.datatransport:transport-backend-cct:3.1.3] AndroidManifest.xml:33:17-94
210                android:value="cct" />
210-->[com.google.android.datatransport:transport-backend-cct:3.1.3] AndroidManifest.xml:34:17-36
211        </service>
212        <service
212-->[com.google.android.datatransport:transport-runtime:3.1.3] AndroidManifest.xml:26:9-30:19
213            android:name="com.google.android.datatransport.runtime.scheduling.jobscheduling.JobInfoSchedulerService"
213-->[com.google.android.datatransport:transport-runtime:3.1.3] AndroidManifest.xml:27:13-117
214            android:exported="false"
214-->[com.google.android.datatransport:transport-runtime:3.1.3] AndroidManifest.xml:28:13-37
215            android:permission="android.permission.BIND_JOB_SERVICE" >
215-->[com.google.android.datatransport:transport-runtime:3.1.3] AndroidManifest.xml:29:13-69
216        </service>
217
218        <receiver
218-->[com.google.android.datatransport:transport-runtime:3.1.3] AndroidManifest.xml:32:9-34:40
219            android:name="com.google.android.datatransport.runtime.scheduling.jobscheduling.AlarmManagerSchedulerBroadcastReceiver"
219-->[com.google.android.datatransport:transport-runtime:3.1.3] AndroidManifest.xml:33:13-132
220            android:exported="false" />
220-->[com.google.android.datatransport:transport-runtime:3.1.3] AndroidManifest.xml:34:13-37
221    </application>
222
223</manifest>